<?xml version="1.0" encoding="UTF-8"?>
<!-- Generated by org.testng.reporters.JUnitReportReporter -->
<testsuite hostname="cucumber" failures="0" tests="1" name="com.salesforce.automation.scripts.LeadsModule" time="19.248" errors="0" timestamp="2024-02-21T00:27:19 EST" skipped="0">
  <testcase classname="com.salesforce.automation.scripts.LeadsModule" name="TC23" time="19.248"/>
</testsuite> <!-- com.salesforce.automation.scripts.LeadsModule -->
