<?xml version="1.0" encoding="UTF-8"?>
<!-- Generated by org.testng.reporters.JUnitReportReporter -->
<testsuite hostname="cucumber" failures="0" tests="1" name="com.salesforce.automation.scripts.ContactsModule" time="22.478" errors="0" timestamp="2024-02-21T10:00:23 EST" skipped="0">
  <testcase classname="com.salesforce.automation.scripts.ContactsModule" name="TC31" time="22.478"/>
</testsuite> <!-- com.salesforce.automation.scripts.ContactsModule -->
